 
****************************************
Report : qor
Design : i2c_master_top
Version: G-2012.06-SP2
Date   : Thu Aug  2 08:02:35 2018
****************************************


  Timing Path Group 'wb_clk_i'
  -----------------------------------
  Levels of Logic:              16.00
  Critical Path Length:          1.04
  Critical Path Slack:           0.11
  Critical Path Clk Period:      1.25
  Total Negative Slack:          0.00
  No. of Violating Paths:        0.00
  Worst Hold Violation:          0.00
  Total Hold Violation:          0.00
  No. of Hold Violations:        0.00
  -----------------------------------


  Cell Count
  -----------------------------------
  Hierarchical Cell Count:          4
  Hierarchical Port Count:        146
  Leaf Cell Count:                680
  Buf/Inv Cell Count:             114
  CT Buf/Inv Cell Count:            0
  Combinational Cell Count:       527
  Sequential Cell Count:          153
  Macro Count:                      0
  -----------------------------------


  Area
  -----------------------------------
  Combinational Area:      551.152002
  Noncombinational Area:   810.502022
  Buf/Inv Area:             60.914001
  Net Area:                  0.000000
  -----------------------------------
  Cell Area:              1361.654025
  Design Area:            1361.654025


  Design Rules
  -----------------------------------
  Total Number of Nets:           804
  Nets With Violations:             0
  Max Trans Violations:             0
  Max Cap Violations:               0
  -----------------------------------


  Hostname: 192.168.211.130

  Compile CPU Statistics
  -----------------------------------------
  Resource Sharing:                    0.24
  Logic Optimization:                  0.47
  Mapping Optimization:                0.70
  -----------------------------------------
  Overall Compile Time:                1.85
  Overall Compile Wall Clock Time:     3.08

1
