 
****************************************
Report : constraint
        -all_violators
Design : i2c_master_top
Version: G-2012.06-SP2
Date   : Fri Jul 20 11:26:59 2018
****************************************


   min_delay/hold ('wb_clk_i' group)

                             Required        Actual
   Endpoint                 Path Delay     Path Delay        Slack
   -----------------------------------------------------------------
   byte_controller/bit_controller/dout_reg/D     0.13     0.09 f    -0.04 (VIOLATED)
   byte_controller/bit_controller/cSCL_reg[1]/D     0.13     0.09 f    -0.04 (VIOLATED)
   byte_controller/bit_controller/cSDA_reg[1]/D     0.13     0.09 f    -0.04 (VIOLATED)
   cr_reg[3]/D                  0.13           0.09 f        -0.04  (VIOLATED)
   ctr_reg[0]/D                 0.13           0.10 f        -0.04  (VIOLATED)
   ctr_reg[1]/D                 0.13           0.10 f        -0.04  (VIOLATED)
   ctr_reg[2]/D                 0.13           0.10 f        -0.04  (VIOLATED)
   ctr_reg[3]/D                 0.13           0.10 f        -0.04  (VIOLATED)
   ctr_reg[4]/D                 0.13           0.10 f        -0.04  (VIOLATED)
   ctr_reg[5]/D                 0.13           0.10 f        -0.04  (VIOLATED)
   txr_reg[2]/D                 0.13           0.10 f        -0.04  (VIOLATED)
   txr_reg[3]/D                 0.13           0.10 f        -0.04  (VIOLATED)
   txr_reg[4]/D                 0.13           0.10 f        -0.04  (VIOLATED)
   cr_reg[2]/D                  0.13           0.10 f        -0.04  (VIOLATED)
   byte_controller/bit_controller/scl_oen_reg/D     0.13     0.10 f    -0.04 (VIOLATED)
   byte_controller/sr_reg[6]/D     0.13        0.10 f        -0.04  (VIOLATED)
   byte_controller/bit_controller/busy_reg/D     0.13     0.10 f    -0.03 (VIOLATED)
   byte_controller/sr_reg[0]/D     0.13        0.10 f        -0.03  (VIOLATED)
   byte_controller/sr_reg[1]/D     0.13        0.10 f        -0.03  (VIOLATED)
   byte_controller/sr_reg[2]/D     0.13        0.10 f        -0.03  (VIOLATED)
   byte_controller/sr_reg[3]/D     0.13        0.10 f        -0.03  (VIOLATED)
   byte_controller/sr_reg[4]/D     0.13        0.10 f        -0.03  (VIOLATED)
   byte_controller/sr_reg[5]/D     0.13        0.10 f        -0.03  (VIOLATED)
   byte_controller/sr_reg[7]/D     0.13        0.10 f        -0.03  (VIOLATED)
   byte_controller/core_cmd_reg[1]/D     0.13     0.10 f     -0.03  (VIOLATED)
   wb_inta_o_reg/D              0.13           0.10 f        -0.03  (VIOLATED)
   prer_reg[8]/D                0.13           0.10 f        -0.03  (VIOLATED)
   prer_reg[9]/D                0.13           0.10 f        -0.03  (VIOLATED)
   prer_reg[10]/D               0.13           0.10 f        -0.03  (VIOLATED)
   prer_reg[11]/D               0.13           0.10 f        -0.03  (VIOLATED)
   prer_reg[12]/D               0.13           0.10 f        -0.03  (VIOLATED)
   prer_reg[13]/D               0.13           0.10 f        -0.03  (VIOLATED)
   prer_reg[14]/D               0.13           0.10 f        -0.03  (VIOLATED)
   prer_reg[15]/D               0.13           0.10 f        -0.03  (VIOLATED)
   byte_controller/bit_controller/fSCL_reg[0]/D     0.13     0.10 f    -0.03 (VIOLATED)
   byte_controller/bit_controller/fSDA_reg[0]/D     0.13     0.10 f    -0.03 (VIOLATED)
   byte_controller/c_state_reg[1]/D     0.13     0.10 f      -0.03  (VIOLATED)
   ctr_reg[7]/D                 0.13           0.10 f        -0.03  (VIOLATED)
   byte_controller/bit_controller/dSDA_reg/SE     0.11     0.08 r    -0.03 (VIOLATED)
   wb_ack_o_reg/D               0.13           0.10 f        -0.03  (VIOLATED)
   byte_controller/bit_controller/sda_chk_reg/D     0.13     0.10 f    -0.03 (VIOLATED)
   ctr_reg[6]/D                 0.13           0.10 f        -0.03  (VIOLATED)
   cr_reg[6]/D                  0.13           0.10 f        -0.03  (VIOLATED)
   txr_reg[0]/D                 0.13           0.10 f        -0.03  (VIOLATED)
   txr_reg[1]/D                 0.13           0.10 f        -0.03  (VIOLATED)
   txr_reg[5]/D                 0.13           0.10 f        -0.03  (VIOLATED)
   txr_reg[6]/D                 0.13           0.10 f        -0.03  (VIOLATED)
   txr_reg[7]/D                 0.13           0.10 f        -0.03  (VIOLATED)
   cr_reg[0]/D                  0.13           0.10 f        -0.03  (VIOLATED)
   cr_reg[1]/D                  0.13           0.10 f        -0.03  (VIOLATED)
   cr_reg[4]/D                  0.13           0.10 f        -0.03  (VIOLATED)
   byte_controller/bit_controller/slave_wait_reg/D     0.13     0.10 f    -0.03 (VIOLATED)
   byte_controller/bit_controller/cnt_reg[14]/D     0.13     0.10 f    -0.03 (VIOLATED)
   byte_controller/bit_controller/cnt_reg[15]/D     0.13     0.10 f    -0.03 (VIOLATED)
   byte_controller/bit_controller/cnt_reg[6]/D     0.13     0.10 f    -0.03 (VIOLATED)
   byte_controller/bit_controller/cnt_reg[8]/D     0.13     0.10 f    -0.03 (VIOLATED)
   byte_controller/bit_controller/cnt_reg[10]/D     0.13     0.10 f    -0.03 (VIOLATED)
   byte_controller/bit_controller/cnt_reg[13]/D     0.13     0.10 f    -0.03 (VIOLATED)
   byte_controller/bit_controller/cnt_reg[2]/D     0.13     0.10 f    -0.03 (VIOLATED)
   byte_controller/bit_controller/cnt_reg[3]/D     0.13     0.10 f    -0.03 (VIOLATED)
   byte_controller/bit_controller/cnt_reg[4]/D     0.13     0.10 f    -0.03 (VIOLATED)
   byte_controller/bit_controller/cnt_reg[5]/D     0.13     0.10 f    -0.03 (VIOLATED)
   byte_controller/bit_controller/cnt_reg[12]/D     0.13     0.10 f    -0.03 (VIOLATED)
   byte_controller/bit_controller/cnt_reg[7]/D     0.13     0.10 f    -0.03 (VIOLATED)
   byte_controller/bit_controller/cnt_reg[9]/D     0.13     0.10 f    -0.03 (VIOLATED)
   byte_controller/bit_controller/cnt_reg[11]/D     0.13     0.10 f    -0.03 (VIOLATED)
   byte_controller/bit_controller/fSCL_reg[2]/D     0.13     0.10 f    -0.03 (VIOLATED)
   byte_controller/bit_controller/fSDA_reg[2]/D     0.13     0.10 f    -0.03 (VIOLATED)
   tip_reg/D                    0.13           0.10 f        -0.03  (VIOLATED)
   byte_controller/bit_controller/c_state_reg[12]/D     0.13     0.11 f    -0.03 (VIOLATED)
   byte_controller/bit_controller/c_state_reg[2]/D     0.13     0.11 f    -0.03 (VIOLATED)
   irq_flag_reg/D               0.13           0.11 f        -0.02  (VIOLATED)
   byte_controller/bit_controller/c_state_reg[8]/D     0.13     0.11 f    -0.02 (VIOLATED)
   prer_reg[0]/D                0.13           0.11 f        -0.02  (VIOLATED)
   prer_reg[1]/D                0.13           0.11 f        -0.02  (VIOLATED)
   prer_reg[2]/D                0.13           0.11 f        -0.02  (VIOLATED)
   prer_reg[3]/D                0.13           0.11 f        -0.02  (VIOLATED)
   prer_reg[4]/D                0.13           0.11 f        -0.02  (VIOLATED)
   prer_reg[5]/D                0.13           0.11 f        -0.02  (VIOLATED)
   prer_reg[6]/D                0.13           0.11 f        -0.02  (VIOLATED)
   prer_reg[7]/D                0.13           0.11 f        -0.02  (VIOLATED)
   byte_controller/dcnt_reg[2]/D     0.13      0.11 f        -0.02  (VIOLATED)
   byte_controller/dcnt_reg[1]/D     0.13      0.11 f        -0.02  (VIOLATED)
   byte_controller/bit_controller/sda_oen_reg/D     0.13     0.11 f    -0.02 (VIOLATED)
   byte_controller/bit_controller/c_state_reg[1]/D     0.13     0.11 f    -0.02 (VIOLATED)
   byte_controller/bit_controller/c_state_reg[11]/D     0.13     0.11 f    -0.02 (VIOLATED)
   byte_controller/bit_controller/c_state_reg[15]/D     0.13     0.11 f    -0.02 (VIOLATED)
   byte_controller/bit_controller/c_state_reg[4]/D     0.13     0.11 f    -0.02 (VIOLATED)
   byte_controller/bit_controller/c_state_reg[10]/D     0.13     0.11 f    -0.02 (VIOLATED)
   byte_controller/bit_controller/c_state_reg[3]/D     0.13     0.11 f    -0.02 (VIOLATED)
   byte_controller/bit_controller/c_state_reg[14]/D     0.13     0.11 f    -0.02 (VIOLATED)
   byte_controller/bit_controller/c_state_reg[7]/D     0.13     0.11 f    -0.02 (VIOLATED)
   byte_controller/bit_controller/c_state_reg[5]/D     0.13     0.11 f    -0.02 (VIOLATED)
   rxack_reg/D                  0.13           0.11 f        -0.02  (VIOLATED)
   wb_dat_o_reg[0]/D            0.13           0.11 f        -0.02  (VIOLATED)
   wb_dat_o_reg[1]/D            0.13           0.11 f        -0.02  (VIOLATED)
   wb_dat_o_reg[5]/D            0.13           0.11 f        -0.02  (VIOLATED)
   wb_dat_o_reg[6]/D            0.13           0.11 f        -0.02  (VIOLATED)
   wb_dat_o_reg[7]/D            0.13           0.11 f        -0.02  (VIOLATED)
   wb_dat_o_reg[2]/D            0.13           0.11 f        -0.02  (VIOLATED)
   wb_dat_o_reg[3]/D            0.13           0.11 f        -0.02  (VIOLATED)
   wb_dat_o_reg[4]/D            0.13           0.11 f        -0.02  (VIOLATED)
   cr_reg[5]/D                  0.13           0.11 f        -0.02  (VIOLATED)
   cr_reg[7]/D                  0.13           0.11 f        -0.02  (VIOLATED)
   byte_controller/bit_controller/c_state_reg[9]/D     0.13     0.11 f    -0.02 (VIOLATED)
   byte_controller/bit_controller/fSCL_reg[1]/D     0.14     0.12 r    -0.02 (VIOLATED)
   byte_controller/bit_controller/fSDA_reg[1]/D     0.14     0.12 r    -0.02 (VIOLATED)
   byte_controller/bit_controller/c_state_reg[6]/D     0.13     0.11 f    -0.02 (VIOLATED)
   byte_controller/bit_controller/c_state_reg[16]/D     0.13     0.11 f    -0.02 (VIOLATED)
   byte_controller/bit_controller/sSCL_reg/D     0.13     0.11 f    -0.02 (VIOLATED)
   byte_controller/bit_controller/sSDA_reg/D     0.13     0.11 f    -0.02 (VIOLATED)
   byte_controller/bit_controller/dSCL_reg/SE     0.11     0.09 r    -0.02 (VIOLATED)
   byte_controller/bit_controller/cmd_ack_reg/D     0.13     0.12 f    -0.01 (VIOLATED)
   byte_controller/bit_controller/sta_condition_reg/D     0.13     0.12 f    -0.01 (VIOLATED)
   byte_controller/c_state_reg[0]/D     0.13     0.12 f      -0.01  (VIOLATED)
   byte_controller/c_state_reg[2]/D     0.13     0.12 f      -0.01  (VIOLATED)
   byte_controller/c_state_reg[3]/D     0.13     0.12 r      -0.01  (VIOLATED)
   byte_controller/c_state_reg[4]/D     0.13     0.12 f      -0.01  (VIOLATED)
   byte_controller/bit_controller/c_state_reg[13]/D     0.13     0.12 f    -0.01 (VIOLATED)
   byte_controller/dcnt_reg[0]/D     0.13      0.12 r        -0.01  (VIOLATED)
   byte_controller/bit_controller/c_state_reg[0]/D     0.13     0.12 f    -0.01 (VIOLATED)
   byte_controller/bit_controller/sto_condition_reg/D     0.13     0.13 f     0.00 (VIOLATED: increase significant digits)
   byte_controller/bit_controller/al_reg/D     0.13     0.13 f     0.00 (VIOLATED: increase significant digits)


1
