 
****************************************
Report : qor
Design : i2c_master_top
Version: G-2012.06-SP2
Date   : Fri Jul 20 11:26:59 2018
****************************************


  Timing Path Group 'wb_clk_i'
  -----------------------------------
  Levels of Logic:              17.00
  Critical Path Length:          1.17
  Critical Path Slack:           1.17
  Critical Path Clk Period:      2.50
  Total Negative Slack:          0.00
  No. of Violating Paths:        0.00
  Worst Hold Violation:         -0.04
  Total Hold Violation:         -3.17
  No. of Hold Violations:      123.00
  -----------------------------------


  Cell Count
  -----------------------------------
  Hierarchical Cell Count:          4
  Hierarchical Port Count:        146
  Leaf Cell Count:                674
  Buf/Inv Cell Count:             112
  CT Buf/Inv Cell Count:            0
  Combinational Cell Count:       521
  Sequential Cell Count:          153
  Macro Count:                      0
  -----------------------------------


  Area
  -----------------------------------
  Combinational Area:      543.970003
  Noncombinational Area:   810.502022
  Buf/Inv Area:             59.584001
  Net Area:                  0.000000
  -----------------------------------
  Cell Area:              1354.472025
  Design Area:            1354.472025


  Design Rules
  -----------------------------------
  Total Number of Nets:           801
  Nets With Violations:             0
  Max Trans Violations:             0
  Max Cap Violations:               0
  -----------------------------------


  Hostname: 192.168.211.130

  Compile CPU Statistics
  -----------------------------------------
  Resource Sharing:                    0.08
  Logic Optimization:                  0.17
  Mapping Optimization:                0.40
  -----------------------------------------
  Overall Compile Time:                1.07
  Overall Compile Wall Clock Time:     1.25

1
