Warning: Cell Imp:/NANGATEOPENCELLLIBRARY_SS0P95VN40C/INV_X1#PWR/VDD\*unread\* references black-box design /NANGATEOPENCELLLIBRARY_SS0P95VN40C/SNPS_UNREAD_TECH_INPUT_PIN_BBOX (FM-158)
Warning: Cell Imp:/NANGATEOPENCELLLIBRARY_SS0P95VN40C/INV_X1#PWR/VSS\*unread\* references black-box design /NANGATEOPENCELLLIBRARY_SS0P95VN40C/SNPS_UNREAD_TECH_INPUT_PIN_BBOX (FM-158)
Warning: Cell Imp:/NANGATEOPENCELLLIBRARY_SS0P95VN40C/OR2_X1#PWR/VDD\*unread\* references black-box design /NANGATEOPENCELLLIBRARY_SS0P95VN40C/SNPS_UNREAD_TECH_INPUT_PIN_BBOX (FM-158)
Warning: Cell Imp:/NANGATEOPENCELLLIBRARY_SS0P95VN40C/OR2_X1#PWR/VSS\*unread\* references black-box design /NANGATEOPENCELLLIBRARY_SS0P95VN40C/SNPS_UNREAD_TECH_INPUT_PIN_BBOX (FM-158)
Warning: Cell Imp:/NANGATEOPENCELLLIBRARY_SS0P95VN40C/OAI21_X1#PWR/VDD\*unread\* references black-box design /NANGATEOPENCELLLIBRARY_SS0P95VN40C/SNPS_UNREAD_TECH_INPUT_PIN_BBOX (FM-158)
Warning: Cell Imp:/NANGATEOPENCELLLIBRARY_SS0P95VN40C/OAI21_X1#PWR/VSS\*unread\* references black-box design /NANGATEOPENCELLLIBRARY_SS0P95VN40C/SNPS_UNREAD_TECH_INPUT_PIN_BBOX (FM-158)
Warning: Cell Imp:/NANGATEOPENCELLLIBRARY_SS0P95VN40C/AOI21_X1#PWR/VDD\*unread\* references black-box design /NANGATEOPENCELLLIBRARY_SS0P95VN40C/SNPS_UNREAD_TECH_INPUT_PIN_BBOX (FM-158)
Warning: Cell Imp:/NANGATEOPENCELLLIBRARY_SS0P95VN40C/AOI21_X1#PWR/VSS\*unread\* references black-box design /NANGATEOPENCELLLIBRARY_SS0P95VN40C/SNPS_UNREAD_TECH_INPUT_PIN_BBOX (FM-158)
Warning: Cell Imp:/NANGATEOPENCELLLIBRARY_SS0P95VN40C/XNOR2_X1#PWR/VDD\*unread\* references black-box design /NANGATEOPENCELLLIBRARY_SS0P95VN40C/SNPS_UNREAD_TECH_INPUT_PIN_BBOX (FM-158)
Warning: Cell Imp:/NANGATEOPENCELLLIBRARY_SS0P95VN40C/XNOR2_X1#PWR/VSS\*unread\* references black-box design /NANGATEOPENCELLLIBRARY_SS0P95VN40C/SNPS_UNREAD_TECH_INPUT_PIN_BBOX (FM-158)
Warning: Cell Imp:/NANGATEOPENCELLLIBRARY_SS0P95VN40C/NOR2_X1#PWR/VDD\*unread\* references black-box design /NANGATEOPENCELLLIBRARY_SS0P95VN40C/SNPS_UNREAD_TECH_INPUT_PIN_BBOX (FM-158)
Warning: Cell Imp:/NANGATEOPENCELLLIBRARY_SS0P95VN40C/NOR2_X1#PWR/VSS\*unread\* references black-box design /NANGATEOPENCELLLIBRARY_SS0P95VN40C/SNPS_UNREAD_TECH_INPUT_PIN_BBOX (FM-158)
Warning: Cell Imp:/NANGATEOPENCELLLIBRARY_SS0P95VN40C/XOR2_X1#PWR/VDD\*unread\* references black-box design /NANGATEOPENCELLLIBRARY_SS0P95VN40C/SNPS_UNREAD_TECH_INPUT_PIN_BBOX (FM-158)
Warning: Cell Imp:/NANGATEOPENCELLLIBRARY_SS0P95VN40C/XOR2_X1#PWR/VSS\*unread\* references black-box design /NANGATEOPENCELLLIBRARY_SS0P95VN40C/SNPS_UNREAD_TECH_INPUT_PIN_BBOX (FM-158)
Warning: Cell Imp:/NANGATEOPENCELLLIBRARY_SS0P95VN40C/NAND2_X1#PWR/VDD\*unread\* references black-box design /NANGATEOPENCELLLIBRARY_SS0P95VN40C/SNPS_UNREAD_TECH_INPUT_PIN_BBOX (FM-158)
Warning: Cell Imp:/NANGATEOPENCELLLIBRARY_SS0P95VN40C/NAND2_X1#PWR/VSS\*unread\* references black-box design /NANGATEOPENCELLLIBRARY_SS0P95VN40C/SNPS_UNREAD_TECH_INPUT_PIN_BBOX (FM-158)
Warning: Cell Imp:/NANGATEOPENCELLLIBRARY_SS0P95VN40C/CLKBUF_X1#PWR/VDD\*unread\* references black-box design /NANGATEOPENCELLLIBRARY_SS0P95VN40C/SNPS_UNREAD_TECH_INPUT_PIN_BBOX (FM-158)
Warning: Cell Imp:/NANGATEOPENCELLLIBRARY_SS0P95VN40C/CLKBUF_X1#PWR/VSS\*unread\* references black-box design /NANGATEOPENCELLLIBRARY_SS0P95VN40C/SNPS_UNREAD_TECH_INPUT_PIN_BBOX (FM-158)
Warning: Cell Imp:/NANGATEOPENCELLLIBRARY_SS0P95VN40C/BUF_X1#PWR/VDD\*unread\* references black-box design /NANGATEOPENCELLLIBRARY_SS0P95VN40C/SNPS_UNREAD_TECH_INPUT_PIN_BBOX (FM-158)
Warning: Cell Imp:/NANGATEOPENCELLLIBRARY_SS0P95VN40C/BUF_X1#PWR/VSS\*unread\* references black-box design /NANGATEOPENCELLLIBRARY_SS0P95VN40C/SNPS_UNREAD_TECH_INPUT_PIN_BBOX (FM-158)
Warning: Cell Imp:/NANGATEOPENCELLLIBRARY_SS0P95VN40C/CLKBUF_X2#PWR/VDD\*unread\* references black-box design /NANGATEOPENCELLLIBRARY_SS0P95VN40C/SNPS_UNREAD_TECH_INPUT_PIN_BBOX (FM-158)
Warning: Cell Imp:/NANGATEOPENCELLLIBRARY_SS0P95VN40C/CLKBUF_X2#PWR/VSS\*unread\* references black-box design /NANGATEOPENCELLLIBRARY_SS0P95VN40C/SNPS_UNREAD_TECH_INPUT_PIN_BBOX (FM-158)
Warning: Cell Imp:/NANGATEOPENCELLLIBRARY_SS0P95VN40C/NAND4_X1#PWR/VDD\*unread\* references black-box design /NANGATEOPENCELLLIBRARY_SS0P95VN40C/SNPS_UNREAD_TECH_INPUT_PIN_BBOX (FM-158)
Warning: Cell Imp:/NANGATEOPENCELLLIBRARY_SS0P95VN40C/NAND4_X1#PWR/VSS\*unread\* references black-box design /NANGATEOPENCELLLIBRARY_SS0P95VN40C/SNPS_UNREAD_TECH_INPUT_PIN_BBOX (FM-158)
Warning: Cell Imp:/NANGATEOPENCELLLIBRARY_SS0P95VN40C/OAI22_X1#PWR/VDD\*unread\* references black-box design /NANGATEOPENCELLLIBRARY_SS0P95VN40C/SNPS_UNREAD_TECH_INPUT_PIN_BBOX (FM-158)
Warning: Cell Imp:/NANGATEOPENCELLLIBRARY_SS0P95VN40C/OAI22_X1#PWR/VSS\*unread\* references black-box design /NANGATEOPENCELLLIBRARY_SS0P95VN40C/SNPS_UNREAD_TECH_INPUT_PIN_BBOX (FM-158)
Warning: Cell Imp:/NANGATEOPENCELLLIBRARY_SS0P95VN40C/NAND3_X1#PWR/VDD\*unread\* references black-box design /NANGATEOPENCELLLIBRARY_SS0P95VN40C/SNPS_UNREAD_TECH_INPUT_PIN_BBOX (FM-158)
Warning: Cell Imp:/NANGATEOPENCELLLIBRARY_SS0P95VN40C/NAND3_X1#PWR/VSS\*unread\* references black-box design /NANGATEOPENCELLLIBRARY_SS0P95VN40C/SNPS_UNREAD_TECH_INPUT_PIN_BBOX (FM-158)
Warning: Cell Imp:/NANGATEOPENCELLLIBRARY_SS0P95VN40C/AND3_X1#PWR/VDD\*unread\* references black-box design /NANGATEOPENCELLLIBRARY_SS0P95VN40C/SNPS_UNREAD_TECH_INPUT_PIN_BBOX (FM-158)
Warning: Cell Imp:/NANGATEOPENCELLLIBRARY_SS0P95VN40C/AND3_X1#PWR/VSS\*unread\* references black-box design /NANGATEOPENCELLLIBRARY_SS0P95VN40C/SNPS_UNREAD_TECH_INPUT_PIN_BBOX (FM-158)
Warning: Cell Imp:/NANGATEOPENCELLLIBRARY_SS0P95VN40C/AND4_X1#PWR/VDD\*unread\* references black-box design /NANGATEOPENCELLLIBRARY_SS0P95VN40C/SNPS_UNREAD_TECH_INPUT_PIN_BBOX (FM-158)
Warning: Cell Imp:/NANGATEOPENCELLLIBRARY_SS0P95VN40C/AND4_X1#PWR/VSS\*unread\* references black-box design /NANGATEOPENCELLLIBRARY_SS0P95VN40C/SNPS_UNREAD_TECH_INPUT_PIN_BBOX (FM-158)
Warning: Cell Imp:/NANGATEOPENCELLLIBRARY_SS0P95VN40C/OR4_X1#PWR/VDD\*unread\* references black-box design /NANGATEOPENCELLLIBRARY_SS0P95VN40C/SNPS_UNREAD_TECH_INPUT_PIN_BBOX (FM-158)
Warning: Cell Imp:/NANGATEOPENCELLLIBRARY_SS0P95VN40C/OR4_X1#PWR/VSS\*unread\* references black-box design /NANGATEOPENCELLLIBRARY_SS0P95VN40C/SNPS_UNREAD_TECH_INPUT_PIN_BBOX (FM-158)
Warning: Cell Imp:/NANGATEOPENCELLLIBRARY_SS0P95VN40C/AOI222_X1#PWR/VDD\*unread\* references black-box design /NANGATEOPENCELLLIBRARY_SS0P95VN40C/SNPS_UNREAD_TECH_INPUT_PIN_BBOX (FM-158)
Warning: Cell Imp:/NANGATEOPENCELLLIBRARY_SS0P95VN40C/AOI222_X1#PWR/VSS\*unread\* references black-box design /NANGATEOPENCELLLIBRARY_SS0P95VN40C/SNPS_UNREAD_TECH_INPUT_PIN_BBOX (FM-158)
Warning: Cell Imp:/NANGATEOPENCELLLIBRARY_SS0P95VN40C/AND2_X1#PWR/VDD\*unread\* references black-box design /NANGATEOPENCELLLIBRARY_SS0P95VN40C/SNPS_UNREAD_TECH_INPUT_PIN_BBOX (FM-158)
Warning: Cell Imp:/NANGATEOPENCELLLIBRARY_SS0P95VN40C/AND2_X1#PWR/VSS\*unread\* references black-box design /NANGATEOPENCELLLIBRARY_SS0P95VN40C/SNPS_UNREAD_TECH_INPUT_PIN_BBOX (FM-158)
Warning: Cell Imp:/NANGATEOPENCELLLIBRARY_SS0P95VN40C/OAI211_X1#PWR/VDD\*unread\* references black-box design /NANGATEOPENCELLLIBRARY_SS0P95VN40C/SNPS_UNREAD_TECH_INPUT_PIN_BBOX (FM-158)
Warning: Cell Imp:/NANGATEOPENCELLLIBRARY_SS0P95VN40C/OAI211_X1#PWR/VSS\*unread\* references black-box design /NANGATEOPENCELLLIBRARY_SS0P95VN40C/SNPS_UNREAD_TECH_INPUT_PIN_BBOX (FM-158)
Warning: Cell Imp:/NANGATEOPENCELLLIBRARY_SS0P95VN40C/NOR3_X1#PWR/VDD\*unread\* references black-box design /NANGATEOPENCELLLIBRARY_SS0P95VN40C/SNPS_UNREAD_TECH_INPUT_PIN_BBOX (FM-158)
Warning: Cell Imp:/NANGATEOPENCELLLIBRARY_SS0P95VN40C/NOR3_X1#PWR/VSS\*unread\* references black-box design /NANGATEOPENCELLLIBRARY_SS0P95VN40C/SNPS_UNREAD_TECH_INPUT_PIN_BBOX (FM-158)
Warning: Cell Imp:/NANGATEOPENCELLLIBRARY_SS0P95VN40C/OAI21_X4#PWR/VDD\*unread\* references black-box design /NANGATEOPENCELLLIBRARY_SS0P95VN40C/SNPS_UNREAD_TECH_INPUT_PIN_BBOX (FM-158)
Warning: Cell Imp:/NANGATEOPENCELLLIBRARY_SS0P95VN40C/OAI21_X4#PWR/VSS\*unread\* references black-box design /NANGATEOPENCELLLIBRARY_SS0P95VN40C/SNPS_UNREAD_TECH_INPUT_PIN_BBOX (FM-158)
Warning: Cell Imp:/NANGATEOPENCELLLIBRARY_SS0P95VN40C/NOR4_X1#PWR/VDD\*unread\* references black-box design /NANGATEOPENCELLLIBRARY_SS0P95VN40C/SNPS_UNREAD_TECH_INPUT_PIN_BBOX (FM-158)
Warning: Cell Imp:/NANGATEOPENCELLLIBRARY_SS0P95VN40C/NOR4_X1#PWR/VSS\*unread\* references black-box design /NANGATEOPENCELLLIBRARY_SS0P95VN40C/SNPS_UNREAD_TECH_INPUT_PIN_BBOX (FM-158)
Warning: Cell Imp:/NANGATEOPENCELLLIBRARY_SS0P95VN40C/OR3_X1#PWR/VDD\*unread\* references black-box design /NANGATEOPENCELLLIBRARY_SS0P95VN40C/SNPS_UNREAD_TECH_INPUT_PIN_BBOX (FM-158)
Warning: Cell Imp:/NANGATEOPENCELLLIBRARY_SS0P95VN40C/OR3_X1#PWR/VSS\*unread\* references black-box design /NANGATEOPENCELLLIBRARY_SS0P95VN40C/SNPS_UNREAD_TECH_INPUT_PIN_BBOX (FM-158)
Warning: Cell Imp:/NANGATEOPENCELLLIBRARY_SS0P95VN40C/AOI211_X1#PWR/VDD\*unread\* references black-box design /NANGATEOPENCELLLIBRARY_SS0P95VN40C/SNPS_UNREAD_TECH_INPUT_PIN_BBOX (FM-158)
Warning: Cell Imp:/NANGATEOPENCELLLIBRARY_SS0P95VN40C/AOI211_X1#PWR/VSS\*unread\* references black-box design /NANGATEOPENCELLLIBRARY_SS0P95VN40C/SNPS_UNREAD_TECH_INPUT_PIN_BBOX (FM-158)
Warning: Cell Imp:/NANGATEOPENCELLLIBRARY_SS0P95VN40C/OAI221_X1#PWR/VDD\*unread\* references black-box design /NANGATEOPENCELLLIBRARY_SS0P95VN40C/SNPS_UNREAD_TECH_INPUT_PIN_BBOX (FM-158)
Warning: Cell Imp:/NANGATEOPENCELLLIBRARY_SS0P95VN40C/OAI221_X1#PWR/VSS\*unread\* references black-box design /NANGATEOPENCELLLIBRARY_SS0P95VN40C/SNPS_UNREAD_TECH_INPUT_PIN_BBOX (FM-158)
Warning: Cell Imp:/NANGATEOPENCELLLIBRARY_SS0P95VN40C/DFFR_X1#PWR/VDD\*unread\* references black-box design /NANGATEOPENCELLLIBRARY_SS0P95VN40C/SNPS_UNREAD_TECH_INPUT_PIN_BBOX (FM-158)
Warning: Cell Imp:/NANGATEOPENCELLLIBRARY_SS0P95VN40C/DFFR_X1#PWR/VSS\*unread\* references black-box design /NANGATEOPENCELLLIBRARY_SS0P95VN40C/SNPS_UNREAD_TECH_INPUT_PIN_BBOX (FM-158)
Warning: Cell Imp:/NANGATEOPENCELLLIBRARY_SS0P95VN40C/OAI33_X1#PWR/VDD\*unread\* references black-box design /NANGATEOPENCELLLIBRARY_SS0P95VN40C/SNPS_UNREAD_TECH_INPUT_PIN_BBOX (FM-158)
Warning: Cell Imp:/NANGATEOPENCELLLIBRARY_SS0P95VN40C/OAI33_X1#PWR/VSS\*unread\* references black-box design /NANGATEOPENCELLLIBRARY_SS0P95VN40C/SNPS_UNREAD_TECH_INPUT_PIN_BBOX (FM-158)
Warning: Cell Imp:/NANGATEOPENCELLLIBRARY_SS0P95VN40C/NOR2_X2#PWR/VDD\*unread\* references black-box design /NANGATEOPENCELLLIBRARY_SS0P95VN40C/SNPS_UNREAD_TECH_INPUT_PIN_BBOX (FM-158)
Warning: Cell Imp:/NANGATEOPENCELLLIBRARY_SS0P95VN40C/NOR2_X2#PWR/VSS\*unread\* references black-box design /NANGATEOPENCELLLIBRARY_SS0P95VN40C/SNPS_UNREAD_TECH_INPUT_PIN_BBOX (FM-158)
Warning: Cell Imp:/NANGATEOPENCELLLIBRARY_SS0P95VN40C/DFFS_X1#PWR/VDD\*unread\* references black-box design /NANGATEOPENCELLLIBRARY_SS0P95VN40C/SNPS_UNREAD_TECH_INPUT_PIN_BBOX (FM-158)
Warning: Cell Imp:/NANGATEOPENCELLLIBRARY_SS0P95VN40C/DFFS_X1#PWR/VSS\*unread\* references black-box design /NANGATEOPENCELLLIBRARY_SS0P95VN40C/SNPS_UNREAD_TECH_INPUT_PIN_BBOX (FM-158)
Warning: Cell Imp:/NANGATEOPENCELLLIBRARY_SS0P95VN40C/SDFFS_X1#PWR/VDD\*unread\* references black-box design /NANGATEOPENCELLLIBRARY_SS0P95VN40C/SNPS_UNREAD_TECH_INPUT_PIN_BBOX (FM-158)
Warning: Cell Imp:/NANGATEOPENCELLLIBRARY_SS0P95VN40C/SDFFS_X1#PWR/VSS\*unread\* references black-box design /NANGATEOPENCELLLIBRARY_SS0P95VN40C/SNPS_UNREAD_TECH_INPUT_PIN_BBOX (FM-158)
Warning: Cell Imp:/NANGATEOPENCELLLIBRARY_SS0P95VN40C/DFF_X1#PWR/VDD\*unread\* references black-box design /NANGATEOPENCELLLIBRARY_SS0P95VN40C/SNPS_UNREAD_TECH_INPUT_PIN_BBOX (FM-158)
Warning: Cell Imp:/NANGATEOPENCELLLIBRARY_SS0P95VN40C/DFF_X1#PWR/VSS\*unread\* references black-box design /NANGATEOPENCELLLIBRARY_SS0P95VN40C/SNPS_UNREAD_TECH_INPUT_PIN_BBOX (FM-158)
Warning: Cell Imp:/NANGATEOPENCELLLIBRARY_SS0P95VN40C/AOI221_X1#PWR/VDD\*unread\* references black-box design /NANGATEOPENCELLLIBRARY_SS0P95VN40C/SNPS_UNREAD_TECH_INPUT_PIN_BBOX (FM-158)
Warning: Cell Imp:/NANGATEOPENCELLLIBRARY_SS0P95VN40C/AOI221_X1#PWR/VSS\*unread\* references black-box design /NANGATEOPENCELLLIBRARY_SS0P95VN40C/SNPS_UNREAD_TECH_INPUT_PIN_BBOX (FM-158)
Warning: Cell Imp:/NANGATEOPENCELLLIBRARY_SS0P95VN40C/AOI22_X1#PWR/VDD\*unread\* references black-box design /NANGATEOPENCELLLIBRARY_SS0P95VN40C/SNPS_UNREAD_TECH_INPUT_PIN_BBOX (FM-158)
Warning: Cell Imp:/NANGATEOPENCELLLIBRARY_SS0P95VN40C/AOI22_X1#PWR/VSS\*unread\* references black-box design /NANGATEOPENCELLLIBRARY_SS0P95VN40C/SNPS_UNREAD_TECH_INPUT_PIN_BBOX (FM-158)
Warning: Cell Imp:/NANGATEOPENCELLLIBRARY_SS0P95VN40C/SDFFR_X1#PWR/VDD\*unread\* references black-box design /NANGATEOPENCELLLIBRARY_SS0P95VN40C/SNPS_UNREAD_TECH_INPUT_PIN_BBOX (FM-158)
Warning: Cell Imp:/NANGATEOPENCELLLIBRARY_SS0P95VN40C/SDFFR_X1#PWR/VSS\*unread\* references black-box design /NANGATEOPENCELLLIBRARY_SS0P95VN40C/SNPS_UNREAD_TECH_INPUT_PIN_BBOX (FM-158)
Warning: Cell Imp:/NANGATEOPENCELLLIBRARY_SS0P95VN40C/AOI221_X2#PWR/VDD\*unread\* references black-box design /NANGATEOPENCELLLIBRARY_SS0P95VN40C/SNPS_UNREAD_TECH_INPUT_PIN_BBOX (FM-158)
Warning: Cell Imp:/NANGATEOPENCELLLIBRARY_SS0P95VN40C/AOI221_X2#PWR/VSS\*unread\* references black-box design /NANGATEOPENCELLLIBRARY_SS0P95VN40C/SNPS_UNREAD_TECH_INPUT_PIN_BBOX (FM-158)
Warning: Cell Imp:/NANGATEOPENCELLLIBRARY_SS0P95VN40C/NOR3_X2#PWR/VDD\*unread\* references black-box design /NANGATEOPENCELLLIBRARY_SS0P95VN40C/SNPS_UNREAD_TECH_INPUT_PIN_BBOX (FM-158)
Warning: Cell Imp:/NANGATEOPENCELLLIBRARY_SS0P95VN40C/NOR3_X2#PWR/VSS\*unread\* references black-box design /NANGATEOPENCELLLIBRARY_SS0P95VN40C/SNPS_UNREAD_TECH_INPUT_PIN_BBOX (FM-158)
Warning: Cell Imp:/NANGATEOPENCELLLIBRARY_SS0P95VN40C/NOR2_X4#PWR/VDD\*unread\* references black-box design /NANGATEOPENCELLLIBRARY_SS0P95VN40C/SNPS_UNREAD_TECH_INPUT_PIN_BBOX (FM-158)
Warning: Cell Imp:/NANGATEOPENCELLLIBRARY_SS0P95VN40C/NOR2_X4#PWR/VSS\*unread\* references black-box design /NANGATEOPENCELLLIBRARY_SS0P95VN40C/SNPS_UNREAD_TECH_INPUT_PIN_BBOX (FM-158)
Warning: Cell Imp:/NANGATEOPENCELLLIBRARY_SS0P95VN40C/NAND2_X4#PWR/VDD\*unread\* references black-box design /NANGATEOPENCELLLIBRARY_SS0P95VN40C/SNPS_UNREAD_TECH_INPUT_PIN_BBOX (FM-158)
Warning: Cell Imp:/NANGATEOPENCELLLIBRARY_SS0P95VN40C/NAND2_X4#PWR/VSS\*unread\* references black-box design /NANGATEOPENCELLLIBRARY_SS0P95VN40C/SNPS_UNREAD_TECH_INPUT_PIN_BBOX (FM-158)
Info:  Multiple drivers on net Imp:/WORK/i2c_master_top/SPARE_PREFIX_NAME_0_A1.
Info:  Multiple drivers on net Imp:/WORK/i2c_master_top/VDD.
Info:  Net Imp:/WORK/i2c_master_byte_ctrl/sda_o is undriven.
Info:  Multiple drivers on net Imp:/WORK/i2c_master_byte_ctrl/VDD.
Info:  Multiple drivers on net Imp:/WORK/i2c_master_byte_ctrl/VSS.
Info:  Net Imp:/WORK/i2c_master_byte_ctrl/scl_o is undriven.
Info:  Net Imp:/WORK/i2c_master_bit_ctrl/sda_o is undriven.
Info:  Multiple drivers on net Imp:/WORK/i2c_master_bit_ctrl/VDD.
Info:  Multiple drivers on net Imp:/WORK/i2c_master_bit_ctrl/VSS.
Info:  Net Imp:/WORK/i2c_master_bit_ctrl/scl_o is undriven.
Info:  Multiple drivers on net Imp:/WORK/i2c_master_bit_ctrl_DW01_dec_1/VDD.
Info:  Multiple drivers on net Imp:/WORK/i2c_master_bit_ctrl_DW01_dec_1/VSS.
Info:  Multiple drivers on net Imp:/WORK/i2c_master_bit_ctrl_DW01_dec_0/VDD.
Info:  Multiple drivers on net Imp:/WORK/i2c_master_bit_ctrl_DW01_dec_0/VSS.
